{"C:\\Users\\camer\\OneDrive\\Documents\\UNI\\semester5\\SD\\WebASS\\csfm-be\\app.js": {"path":"C:\\Users\\camer\\OneDrive\\Documents\\UNI\\semester5\\SD\\WebASS\\csfm-be\\app.js","statementMap":{"0":{"start":{"line":1,"column":16},"end":{"line":1,"column":34}},"1":{"start":{"line":2,"column":13},"end":{"line":2,"column":28}},"2":{"start":{"line":3,"column":18},"end":{"line":3,"column":47}},"3":{"start":{"line":4,"column":23},"end":{"line":4,"column":56}},"4":{"start":{"line":6,"column":12},"end":{"line":6,"column":21}},"5":{"start":{"line":7,"column":13},"end":{"line":7,"column":37}},"6":{"start":{"line":9,"column":0},"end":{"line":9,"column":16}},"7":{"start":{"line":10,"column":0},"end":{"line":10,"column":24}},"8":{"start":{"line":12,"column":0},"end":{"line":12,"column":31}},"9":{"start":{"line":13,"column":0},"end":{"line":13,"column":39}},"10":{"start":{"line":15,"column":0},"end":{"line":15,"column":21}}},"fnMap":{},"branchMap":{"0":{"loc":{"start":{"line":7,"column":13},"end":{"line":7,"column":37}},"type":"binary-expr","locations":[{"start":{"line":7,"column":13},"end":{"line":7,"column":29}},{"start":{"line":7,"column":33},"end":{"line":7,"column":37}}],"line":7}},"s":{"0":1,"1":1,"2":1,"3":1,"4":1,"5":1,"6":1,"7":1,"8":1,"9":1,"10":1},"f":{},"b":{"0":[1,1]},"_coverageSchema":"1a1c01bbd47fc00a2c39e90264f33305004495a9","hash":"bc08f0fc490dcd8c351168538cc13b2ab43cd574"}
,"C:\\Users\\camer\\OneDrive\\Documents\\UNI\\semester5\\SD\\WebASS\\csfm-be\\controllers\\bookingControllers.js": {"path":"C:\\Users\\camer\\OneDrive\\Documents\\UNI\\semester5\\SD\\WebASS\\csfm-be\\controllers\\bookingControllers.js","statementMap":{"0":{"start":{"line":1,"column":29},"end":{"line":1,"column":45}},"1":{"start":{"line":3,"column":0},"end":{"line":13,"column":2}},"2":{"start":{"line":4,"column":4},"end":{"line":12,"column":5}},"3":{"start":{"line":5,"column":21},"end":{"line":5,"column":38}},"4":{"start":{"line":6,"column":23},"end":{"line":6,"column":75}},"5":{"start":{"line":8,"column":8},"end":{"line":8,"column":47}},"6":{"start":{"line":10,"column":8},"end":{"line":10,"column":42}},"7":{"start":{"line":11,"column":8},"end":{"line":11,"column":65}},"8":{"start":{"line":15,"column":0},"end":{"line":25,"column":2}},"9":{"start":{"line":16,"column":4},"end":{"line":24,"column":5}},"10":{"start":{"line":17,"column":21},"end":{"line":17,"column":38}},"11":{"start":{"line":18,"column":23},"end":{"line":18,"column":98}},"12":{"start":{"line":20,"column":8},"end":{"line":20,"column":47}},"13":{"start":{"line":22,"column":8},"end":{"line":22,"column":42}},"14":{"start":{"line":23,"column":8},"end":{"line":23,"column":65}},"15":{"start":{"line":27,"column":0},"end":{"line":40,"column":2}},"16":{"start":{"line":28,"column":4},"end":{"line":39,"column":5}},"17":{"start":{"line":29,"column":21},"end":{"line":29,"column":38}},"18":{"start":{"line":30,"column":23},"end":{"line":30,"column":33}},"19":{"start":{"line":31,"column":23},"end":{"line":33,"column":67}},"20":{"start":{"line":35,"column":8},"end":{"line":35,"column":47}},"21":{"start":{"line":37,"column":8},"end":{"line":37,"column":42}},"22":{"start":{"line":38,"column":8},"end":{"line":38,"column":65}},"23":{"start":{"line":42,"column":0},"end":{"line":106,"column":2}},"24":{"start":{"line":43,"column":4},"end":{"line":105,"column":5}},"25":{"start":{"line":44,"column":54},"end":{"line":44,"column":62}},"26":{"start":{"line":47,"column":8},"end":{"line":49,"column":9}},"27":{"start":{"line":48,"column":12},"end":{"line":48,"column":113}},"28":{"start":{"line":52,"column":8},"end":{"line":54,"column":9}},"29":{"start":{"line":53,"column":12},"end":{"line":53,"column":101}},"30":{"start":{"line":57,"column":8},"end":{"line":59,"column":9}},"31":{"start":{"line":58,"column":12},"end":{"line":58,"column":88}},"32":{"start":{"line":61,"column":21},"end":{"line":61,"column":38}},"33":{"start":{"line":64,"column":29},"end":{"line":75,"column":14}},"34":{"start":{"line":77,"column":8},"end":{"line":79,"column":9}},"35":{"start":{"line":78,"column":12},"end":{"line":78,"column":96}},"36":{"start":{"line":82,"column":23},"end":{"line":90,"column":14}},"37":{"start":{"line":92,"column":26},"end":{"line":92,"column":56}},"38":{"start":{"line":94,"column":8},"end":{"line":97,"column":11}},"39":{"start":{"line":100,"column":8},"end":{"line":100,"column":42}},"40":{"start":{"line":101,"column":8},"end":{"line":104,"column":11}},"41":{"start":{"line":108,"column":0},"end":{"line":150,"column":2}},"42":{"start":{"line":109,"column":4},"end":{"line":149,"column":5}},"43":{"start":{"line":110,"column":23},"end":{"line":110,"column":33}},"44":{"start":{"line":113,"column":8},"end":{"line":115,"column":9}},"45":{"start":{"line":114,"column":12},"end":{"line":114,"column":73}},"46":{"start":{"line":117,"column":21},"end":{"line":117,"column":38}},"47":{"start":{"line":120,"column":28},"end":{"line":122,"column":67}},"48":{"start":{"line":124,"column":8},"end":{"line":126,"column":9}},"49":{"start":{"line":125,"column":12},"end":{"line":125,"column":72}},"50":{"start":{"line":129,"column":29},"end":{"line":131,"column":65}},"51":{"start":{"line":134,"column":8},"end":{"line":136,"column":9}},"52":{"start":{"line":135,"column":12},"end":{"line":135,"column":79}},"53":{"start":{"line":138,"column":8},"end":{"line":141,"column":11}},"54":{"start":{"line":144,"column":8},"end":{"line":144,"column":42}},"55":{"start":{"line":145,"column":8},"end":{"line":148,"column":11}},"56":{"start":{"line":152,"column":0},"end":{"line":189,"column":2}},"57":{"start":{"line":153,"column":4},"end":{"line":188,"column":5}},"58":{"start":{"line":154,"column":21},"end":{"line":154,"column":38}},"59":{"start":{"line":155,"column":23},"end":{"line":155,"column":33}},"60":{"start":{"line":156,"column":24},"end":{"line":156,"column":32}},"61":{"start":{"line":159,"column":8},"end":{"line":161,"column":9}},"62":{"start":{"line":160,"column":12},"end":{"line":160,"column":83}},"63":{"start":{"line":164,"column":27},"end":{"line":164,"column":29}},"64":{"start":{"line":165,"column":24},"end":{"line":165,"column":38}},"65":{"start":{"line":167,"column":8},"end":{"line":171,"column":11}},"66":{"start":{"line":168,"column":30},"end":{"line":168,"column":45}},"67":{"start":{"line":169,"column":12},"end":{"line":169,"column":54}},"68":{"start":{"line":170,"column":12},"end":{"line":170,"column":44}},"69":{"start":{"line":173,"column":8},"end":{"line":173,"column":41}},"70":{"start":{"line":175,"column":22},"end":{"line":179,"column":9}},"71":{"start":{"line":181,"column":8},"end":{"line":181,"column":35}},"72":{"start":{"line":183,"column":8},"end":{"line":183,"column":75}},"73":{"start":{"line":186,"column":8},"end":{"line":186,"column":42}},"74":{"start":{"line":187,"column":8},"end":{"line":187,"column":65}}},"fnMap":{"0":{"name":"(anonymous_0)","decl":{"start":{"line":3,"column":25},"end":{"line":3,"column":26}},"loc":{"start":{"line":3,"column":44},"end":{"line":13,"column":1}},"line":3},"1":{"name":"(anonymous_1)","decl":{"start":{"line":15,"column":32},"end":{"line":15,"column":33}},"loc":{"start":{"line":15,"column":51},"end":{"line":25,"column":1}},"line":15},"2":{"name":"(anonymous_2)","decl":{"start":{"line":27,"column":25},"end":{"line":27,"column":26}},"loc":{"start":{"line":27,"column":44},"end":{"line":40,"column":1}},"line":27},"3":{"name":"(anonymous_3)","decl":{"start":{"line":42,"column":22},"end":{"line":42,"column":23}},"loc":{"start":{"line":42,"column":42},"end":{"line":106,"column":1}},"line":42},"4":{"name":"(anonymous_4)","decl":{"start":{"line":108,"column":21},"end":{"line":108,"column":22}},"loc":{"start":{"line":108,"column":41},"end":{"line":150,"column":1}},"line":108},"5":{"name":"(anonymous_5)","decl":{"start":{"line":152,"column":24},"end":{"line":152,"column":25}},"loc":{"start":{"line":152,"column":44},"end":{"line":189,"column":1}},"line":152},"6":{"name":"(anonymous_6)","decl":{"start":{"line":167,"column":40},"end":{"line":167,"column":41}},"loc":{"start":{"line":167,"column":65},"end":{"line":171,"column":9}},"line":167}},"branchMap":{"0":{"loc":{"start":{"line":47,"column":8},"end":{"line":49,"column":9}},"type":"if","locations":[{"start":{"line":47,"column":8},"end":{"line":49,"column":9}},{"start":{},"end":{}}],"line":47},"1":{"loc":{"start":{"line":47,"column":12},"end":{"line":47,"column":52}},"type":"binary-expr","locations":[{"start":{"line":47,"column":12},"end":{"line":47,"column":24}},{"start":{"line":47,"column":28},"end":{"line":47,"column":39}},{"start":{"line":47,"column":43},"end":{"line":47,"column":52}}],"line":47},"2":{"loc":{"start":{"line":52,"column":8},"end":{"line":54,"column":9}},"type":"if","locations":[{"start":{"line":52,"column":8},"end":{"line":54,"column":9}},{"start":{},"end":{}}],"line":52},"3":{"loc":{"start":{"line":52,"column":12},"end":{"line":52,"column":68}},"type":"binary-expr","locations":[{"start":{"line":52,"column":12},"end":{"line":52,"column":39}},{"start":{"line":52,"column":43},"end":{"line":52,"column":68}}],"line":52},"4":{"loc":{"start":{"line":57,"column":8},"end":{"line":59,"column":9}},"type":"if","locations":[{"start":{"line":57,"column":8},"end":{"line":59,"column":9}},{"start":{},"end":{}}],"line":57},"5":{"loc":{"start":{"line":77,"column":8},"end":{"line":79,"column":9}},"type":"if","locations":[{"start":{"line":77,"column":8},"end":{"line":79,"column":9}},{"start":{},"end":{}}],"line":77},"6":{"loc":{"start":{"line":113,"column":8},"end":{"line":115,"column":9}},"type":"if","locations":[{"start":{"line":113,"column":8},"end":{"line":115,"column":9}},{"start":{},"end":{}}],"line":113},"7":{"loc":{"start":{"line":113,"column":12},"end":{"line":113,"column":28}},"type":"binary-expr","locations":[{"start":{"line":113,"column":12},"end":{"line":113,"column":15}},{"start":{"line":113,"column":19},"end":{"line":113,"column":28}}],"line":113},"8":{"loc":{"start":{"line":124,"column":8},"end":{"line":126,"column":9}},"type":"if","locations":[{"start":{"line":124,"column":8},"end":{"line":126,"column":9}},{"start":{},"end":{}}],"line":124},"9":{"loc":{"start":{"line":134,"column":8},"end":{"line":136,"column":9}},"type":"if","locations":[{"start":{"line":134,"column":8},"end":{"line":136,"column":9}},{"start":{},"end":{}}],"line":134},"10":{"loc":{"start":{"line":159,"column":8},"end":{"line":161,"column":9}},"type":"if","locations":[{"start":{"line":159,"column":8},"end":{"line":161,"column":9}},{"start":{},"end":{}}],"line":159},"11":{"loc":{"start":{"line":159,"column":12},"end":{"line":159,"column":57}},"type":"binary-expr","locations":[{"start":{"line":159,"column":12},"end":{"line":159,"column":20}},{"start":{"line":159,"column":24},"end":{"line":159,"column":57}}],"line":159}},"s":{"0":1,"1":1,"2":1,"3":1,"4":1,"5":1,"6":0,"7":0,"8":1,"9":1,"10":1,"11":1,"12":1,"13":0,"14":0,"15":1,"16":1,"17":1,"18":1,"19":1,"20":1,"21":0,"22":0,"23":1,"24":3,"25":3,"26":3,"27":1,"28":2,"29":0,"30":2,"31":0,"32":2,"33":2,"34":2,"35":1,"36":1,"37":1,"38":1,"39":0,"40":0,"41":1,"42":3,"43":3,"44":3,"45":1,"46":2,"47":2,"48":2,"49":1,"50":1,"51":1,"52":0,"53":1,"54":0,"55":0,"56":1,"57":2,"58":2,"59":2,"60":2,"61":2,"62":1,"63":1,"64":1,"65":1,"66":1,"67":1,"68":1,"69":1,"70":1,"71":1,"72":1,"73":0,"74":0},"f":{"0":1,"1":1,"2":1,"3":3,"4":3,"5":2,"6":1},"b":{"0":[1,2],"1":[3,2,2],"2":[0,2],"3":[2,2],"4":[0,2],"5":[1,1],"6":[1,2],"7":[3,3],"8":[1,1],"9":[0,1],"10":[1,1],"11":[2,2]},"_coverageSchema":"1a1c01bbd47fc00a2c39e90264f33305004495a9","hash":"b82279f08106e014a0985ccccc3f95246c71a8fc"}
,"C:\\Users\\camer\\OneDrive\\Documents\\UNI\\semester5\\SD\\WebASS\\csfm-be\\controllers\\facControllers.js": {"path":"C:\\Users\\camer\\OneDrive\\Documents\\UNI\\semester5\\SD\\WebASS\\csfm-be\\controllers\\facControllers.js","statementMap":{"0":{"start":{"line":4,"column":0},"end":{"line":6,"column":2}},"1":{"start":{"line":5,"column":4},"end":{"line":5,"column":68}},"2":{"start":{"line":9,"column":0},"end":{"line":12,"column":2}},"3":{"start":{"line":10,"column":19},"end":{"line":10,"column":29}},"4":{"start":{"line":11,"column":4},"end":{"line":11,"column":73}}},"fnMap":{"0":{"name":"(anonymous_0)","decl":{"start":{"line":4,"column":17},"end":{"line":4,"column":18}},"loc":{"start":{"line":4,"column":31},"end":{"line":6,"column":1}},"line":4},"1":{"name":"(anonymous_1)","decl":{"start":{"line":9,"column":21},"end":{"line":9,"column":22}},"loc":{"start":{"line":9,"column":35},"end":{"line":12,"column":1}},"line":9}},"branchMap":{},"s":{"0":1,"1":0,"2":1,"3":0,"4":0},"f":{"0":0,"1":0},"b":{},"_coverageSchema":"1a1c01bbd47fc00a2c39e90264f33305004495a9","hash":"a8dbd599ffbbd1ec663a6ba7bb70344cb87c9f36"}
,"C:\\Users\\camer\\OneDrive\\Documents\\UNI\\semester5\\SD\\WebASS\\csfm-be\\routes\\bookingRoutes.js": {"path":"C:\\Users\\camer\\OneDrive\\Documents\\UNI\\semester5\\SD\\WebASS\\csfm-be\\routes\\bookingRoutes.js","statementMap":{"0":{"start":{"line":1,"column":16},"end":{"line":1,"column":34}},"1":{"start":{"line":2,"column":15},"end":{"line":2,"column":31}},"2":{"start":{"line":11,"column":5},"end":{"line":11,"column":49}},"3":{"start":{"line":13,"column":0},"end":{"line":13,"column":32}},"4":{"start":{"line":14,"column":0},"end":{"line":14,"column":42}},"5":{"start":{"line":15,"column":0},"end":{"line":15,"column":35}},"6":{"start":{"line":16,"column":0},"end":{"line":16,"column":30}},"7":{"start":{"line":17,"column":0},"end":{"line":17,"column":34}},"8":{"start":{"line":18,"column":0},"end":{"line":18,"column":36}},"9":{"start":{"line":20,"column":0},"end":{"line":20,"column":24}}},"fnMap":{},"branchMap":{},"s":{"0":1,"1":1,"2":1,"3":1,"4":1,"5":1,"6":1,"7":1,"8":1,"9":1},"f":{},"b":{},"_coverageSchema":"1a1c01bbd47fc00a2c39e90264f33305004495a9","hash":"2f7c2e4676f05b91a8966b7a7d54f8fdd2795c9f"}
,"C:\\Users\\camer\\OneDrive\\Documents\\UNI\\semester5\\SD\\WebASS\\csfm-be\\routes\\facRoutes.js": {"path":"C:\\Users\\camer\\OneDrive\\Documents\\UNI\\semester5\\SD\\WebASS\\csfm-be\\routes\\facRoutes.js","statementMap":{"0":{"start":{"line":1,"column":16},"end":{"line":1,"column":34}},"1":{"start":{"line":2,"column":15},"end":{"line":2,"column":31}},"2":{"start":{"line":6,"column":4},"end":{"line":6,"column":47}},"3":{"start":{"line":8,"column":0},"end":{"line":8,"column":24}},"4":{"start":{"line":9,"column":0},"end":{"line":9,"column":31}},"5":{"start":{"line":11,"column":0},"end":{"line":11,"column":24}}},"fnMap":{},"branchMap":{},"s":{"0":1,"1":1,"2":1,"3":1,"4":1,"5":1},"f":{},"b":{},"_coverageSchema":"1a1c01bbd47fc00a2c39e90264f33305004495a9","hash":"459b1618b1e29b4df156a4777c69e75ef0878db3"}
}
