TN:
SF:app.js
FNF:0
FNH:0
DA:1,1
DA:2,1
DA:3,1
DA:4,1
DA:6,1
DA:7,1
DA:9,1
DA:10,1
DA:12,1
DA:13,1
DA:15,1
LF:11
LH:11
BRDA:7,0,0,1
BRDA:7,0,1,1
BRF:2
BRH:2
end_of_record
TN:
SF:controllers\bookingControllers.js
FN:3,(anonymous_0)
FN:15,(anonymous_1)
FN:27,(anonymous_2)
FN:42,(anonymous_3)
FN:108,(anonymous_4)
FN:152,(anonymous_5)
FN:167,(anonymous_6)
FNF:7
FNH:7
FNDA:1,(anonymous_0)
FNDA:1,(anonymous_1)
FNDA:1,(anonymous_2)
FNDA:3,(anonymous_3)
FNDA:3,(anonymous_4)
FNDA:2,(anonymous_5)
FNDA:1,(anonymous_6)
DA:1,1
DA:3,1
DA:4,1
DA:5,1
DA:6,1
DA:8,1
DA:10,0
DA:11,0
DA:15,1
DA:16,1
DA:17,1
DA:18,1
DA:20,1
DA:22,0
DA:23,0
DA:27,1
DA:28,1
DA:29,1
DA:30,1
DA:31,1
DA:35,1
DA:37,0
DA:38,0
DA:42,1
DA:43,3
DA:44,3
DA:47,3
DA:48,1
DA:52,2
DA:53,0
DA:57,2
DA:58,0
DA:61,2
DA:64,2
DA:77,2
DA:78,1
DA:82,1
DA:92,1
DA:94,1
DA:100,0
DA:101,0
DA:108,1
DA:109,3
DA:110,3
DA:113,3
DA:114,1
DA:117,2
DA:120,2
DA:124,2
DA:125,1
DA:129,1
DA:134,1
DA:135,0
DA:138,1
DA:144,0
DA:145,0
DA:152,1
DA:153,2
DA:154,2
DA:155,2
DA:156,2
DA:159,2
DA:160,1
DA:164,1
DA:165,1
DA:167,1
DA:168,1
DA:169,1
DA:170,1
DA:173,1
DA:175,1
DA:181,1
DA:183,1
DA:186,0
DA:187,0
LF:75
LH:60
BRDA:47,0,0,1
BRDA:47,0,1,2
BRDA:47,1,0,3
BRDA:47,1,1,2
BRDA:47,1,2,2
BRDA:52,2,0,0
BRDA:52,2,1,2
BRDA:52,3,0,2
BRDA:52,3,1,2
BRDA:57,4,0,0
BRDA:57,4,1,2
BRDA:77,5,0,1
BRDA:77,5,1,1
BRDA:113,6,0,1
BRDA:113,6,1,2
BRDA:113,7,0,3
BRDA:113,7,1,3
BRDA:124,8,0,1
BRDA:124,8,1,1
BRDA:134,9,0,0
BRDA:134,9,1,1
BRDA:159,10,0,1
BRDA:159,10,1,1
BRDA:159,11,0,2
BRDA:159,11,1,2
BRF:25
BRH:22
end_of_record
TN:
SF:controllers\facControllers.js
FN:4,(anonymous_0)
FN:9,(anonymous_1)
FNF:2
FNH:0
FNDA:0,(anonymous_0)
FNDA:0,(anonymous_1)
DA:4,1
DA:5,0
DA:9,1
DA:10,0
DA:11,0
LF:5
LH:2
BRF:0
BRH:0
end_of_record
TN:
SF:routes\bookingRoutes.js
FNF:0
FNH:0
DA:1,1
DA:2,1
DA:11,1
DA:13,1
DA:14,1
DA:15,1
DA:16,1
DA:17,1
DA:18,1
DA:20,1
LF:10
LH:10
BRF:0
BRH:0
end_of_record
TN:
SF:routes\facRoutes.js
FNF:0
FNH:0
DA:1,1
DA:2,1
DA:6,1
DA:8,1
DA:9,1
DA:11,1
LF:6
LH:6
BRF:0
BRH:0
end_of_record
